<?xml version="1.0" encoding="UTF-8"?>
<!-- Generated by org.testng.reporters.JUnitReportReporter -->
<testsuite hostname="LAPTOP-1F4V8IEA" failures="0" tests="5" name="tests.CartTest" time="45.485" errors="0" timestamp="2025-09-04T12:23:31 IST" skipped="0">
  <testcase classname="tests.CartTest" name="testAddToCart" time="22.830"/>
  <testcase classname="tests.CartTest" name="testModifyQuantity" time="5.648"/>
  <testcase classname="tests.CartTest" name="testRemoveItem" time="1.041"/>
  <testcase classname="tests.CartTest" name="testProceedToBuy" time="13.807"/>
  <testcase classname="tests.CartTest" name="testOrderWithoutAddressPayment" time="2.159"/>
</testsuite> <!-- tests.CartTest -->
