<?xml version="1.0" encoding="UTF-8"?>
<!-- Generated by org.testng.reporters.JUnitReportReporter -->
<testsuite hostname="LAPTOP-1F4V8IEA" failures="0" tests="3" name="tests.LoginTest" time="102.999" errors="0" timestamp="2025-09-04T12:23:31 IST" skipped="0">
  <testcase classname="tests.LoginTest" name="invalidPhoneShouldFail" time="23.536"/>
  <testcase classname="tests.LoginTest" name="invalidOtpShouldFail" time="34.014"/>
  <testcase classname="tests.LoginTest" name="validOtpShouldPass" time="45.449"/>
</testsuite> <!-- tests.LoginTest -->
