<?xml version="1.0" encoding="UTF-8"?>
<!-- Generated by org.testng.reporters.JUnitReportReporter -->
<testsuite hostname="LAPTOP-1F4V8IEA" failures="0" tests="3" name="tests.LoginTest" time="98.574" errors="0" timestamp="2025-09-04T12:36:32 IST" skipped="0">
  <testcase classname="tests.LoginTest" name="invalidPhoneShouldFail" time="22.370"/>
  <testcase classname="tests.LoginTest" name="invalidOtpShouldFail" time="31.540"/>
  <testcase classname="tests.LoginTest" name="validOtpShouldPass" time="44.664"/>
</testsuite> <!-- tests.LoginTest -->
