<?xml version="1.0" encoding="UTF-8"?>
<!-- Generated by org.testng.reporters.JUnitReportReporter -->
<testsuite hostname="LAPTOP-1F4V8IEA" failures="0" tests="5" name="tests.CartTest" time="39.836" errors="0" timestamp="2025-09-04T12:36:32 IST" skipped="0">
  <testcase classname="tests.CartTest" name="testAddToCart" time="19.096"/>
  <testcase classname="tests.CartTest" name="testModifyQuantity" time="5.243"/>
  <testcase classname="tests.CartTest" name="testRemoveItem" time="0.373"/>
  <testcase classname="tests.CartTest" name="testProceedToBuy" time="12.833"/>
  <testcase classname="tests.CartTest" name="testOrderWithoutAddressPayment" time="2.291"/>
</testsuite> <!-- tests.CartTest -->
