<?xml version="1.0" encoding="UTF-8"?>
<!-- Generated by org.testng.reporters.JUnitReportReporter -->
<testsuite hostname="LAPTOP-1F4V8IEA" failures="0" tests="7" name="tests.ProductTest" time="58.047" errors="0" timestamp="2025-09-04T12:36:32 IST" skipped="0">
  <testcase classname="tests.ProductTest" name="testSearchProduct" time="11.388"/>
  <testcase classname="tests.ProductTest" name="testFilterByBrand" time="7.463"/>
  <testcase classname="tests.ProductTest" name="testFilterByRAM" time="7.587"/>
  <testcase classname="tests.ProductTest" name="testFilterByPrice" time="7.459"/>
  <testcase classname="tests.ProductTest" name="testSortByPriceLowToHigh" time="7.254"/>
  <testcase classname="tests.ProductTest" name="testProductDetails" time="9.760"/>
  <testcase classname="tests.ProductTest" name="testSearchWithoutKeyword" time="7.136"/>
</testsuite> <!-- tests.ProductTest -->
